Level	Date and Time	Source	Event ID	Task Category
Information	5/7/2019 10:10:43 PM	Microsoft-Windows-Security-Auditing	4662	Directory Service Access	"An operation was performed on an object.

Subject :
	Security ID:		S-1-5-21-738609754-2819869699-4189121830-500
	Account Name:		Administrator
	Account Domain:		insecurebank
	Logon ID:		0x40C6511

Object:
	Object Server:		DS
	Object Type:		%{19195a5b-6da0-11d0-afd3-00c04fd930c9}
	Object Name:		%{c6faf700-bfe4-452a-a766-424f84c29583}
	Handle ID:		0x0

Operation:
	Operation Type:		Object Access
	Accesses:		Control Access
				
	Access Mask:		0x100
	Properties:		Control Access
		{1131f6ad-9c07-11d1-f79f-00c04fc2dcd2}
	{19195a5b-6da0-11d0-afd3-00c04fd930c9}


Additional Information:
	Parameter 1:		-
	Parameter 2:		"
Information	5/7/2019 10:10:43 PM	Microsoft-Windows-Security-Auditing	4662	Directory Service Access	"An operation was performed on an object.

Subject :
	Security ID:		S-1-5-21-738609754-2819869699-4189121830-500
	Account Name:		Administrator
	Account Domain:		insecurebank
	Logon ID:		0x40C6511

Object:
	Object Server:		DS
	Object Type:		%{19195a5b-6da0-11d0-afd3-00c04fd930c9}
	Object Name:		%{c6faf700-bfe4-452a-a766-424f84c29583}
	Handle ID:		0x0

Operation:
	Operation Type:		Object Access
	Accesses:		Control Access
				
	Access Mask:		0x100
	Properties:		Control Access
		{1131f6aa-9c07-11d1-f79f-00c04fc2dcd2}
	{19195a5b-6da0-11d0-afd3-00c04fd930c9}


Additional Information:
	Parameter 1:		-
	Parameter 2:		"
Information	5/7/2019 10:10:43 PM	Microsoft-Windows-Security-Auditing	4662	Directory Service Access	"An operation was performed on an object.

Subject :
	Security ID:		S-1-5-21-738609754-2819869699-4189121830-500
	Account Name:		Administrator
	Account Domain:		insecurebank
	Logon ID:		0x40C6511

Object:
	Object Server:		DS
	Object Type:		%{19195a5b-6da0-11d0-afd3-00c04fd930c9}
	Object Name:		%{c6faf700-bfe4-452a-a766-424f84c29583}
	Handle ID:		0x0

Operation:
	Operation Type:		Object Access
	Accesses:		Control Access
				
	Access Mask:		0x100
	Properties:		Control Access
		{1131f6aa-9c07-11d1-f79f-00c04fc2dcd2}
	{19195a5b-6da0-11d0-afd3-00c04fd930c9}


Additional Information:
	Parameter 1:		-
	Parameter 2:		"
